[2025-06-15 23:21:50] ERROR: Failed to push 2025-06-15.csv: 409 - {"message":"database/2025-06-15.csv does not match 44831f19a1b40f988f2e50d2c08944461bcdb310","documentation_url":"https://docs.github.com/rest/repos/contents#create-or-update-file-contents","status":"409"}
[2025-06-15 23:21:51] ERROR: Failed to push data to GitHub for 2025-06-15
[2025-06-15 23:21:52] ERROR: Scheduled execution failed: Failed to push data to GitHub for 2025-06-15
[2025-06-16 00:17:50] ERROR: Failed to push 2025-06-15.csv: 409 - {"message":"is at dfa9671fc9e5f7dc15e7d2b584018d8a71dcb65b but expected fa88d9ebb270f3c65e148243c3ee5a07122a14c7","documentation_url":"https://docs.github.com/rest/repos/contents#create-or-update-file-contents","status":"409"}
[2025-06-16 00:17:51] ERROR: Failed to push data to GitHub for 2025-06-15
[2025-06-16 00:17:52] ERROR: Scheduled execution failed: Failed to push data to GitHub for 2025-06-15
[2025-06-16 00:27:50] ERROR: Failed to push 2025-06-15.csv: 409 - {"message":"database/2025-06-15.csv does not match 42e9b6ef1f1c83b71bb6da79ec908872eb0a6af5","documentation_url":"https://docs.github.com/rest/repos/contents#create-or-update-file-contents","status":"409"}
[2025-06-16 00:27:51] ERROR: Failed to push data to GitHub for 2025-06-15
[2025-06-16 00:27:52] ERROR: Scheduled execution failed: Failed to push data to GitHub for 2025-06-15
[2025-06-16 00:48:50] ERROR: Failed to push 2025-06-15.csv: 409 - {"message":"database/2025-06-15.csv does not match 407a3bee1f98f4d591091ce44205d5d288bcf790","documentation_url":"https://docs.github.com/rest/repos/contents#create-or-update-file-contents","status":"409"}
[2025-06-16 00:48:51] ERROR: Failed to push data to GitHub for 2025-06-15
[2025-06-16 00:48:52] ERROR: Scheduled execution failed: Failed to push data to GitHub for 2025-06-15
[2025-06-16 22:08:52] ERROR: Failed to get gold price: error was Error: Fallback API failed: HTTP 502: Bad Gateway
[2025-06-16 22:08:53] ERROR: Scheduled execution failed: Failed to get gold price: error was Error: Fallback API failed: HTTP 502: Bad Gateway
[2025-06-16 22:14:07] ERROR: Failed to get gold price: error was Error: Fallback API failed: HTTP 504: Gateway Timeout
[2025-06-16 22:14:08] ERROR: Scheduled execution failed: Failed to get gold price: error was Error: Fallback API failed: HTTP 504: Gateway Timeout
[2025-06-16 22:18:52] ERROR: Failed to get gold price: error was Error: Fallback API failed: HTTP 502: Bad Gateway
[2025-06-16 22:18:53] ERROR: Scheduled execution failed: Failed to get gold price: error was Error: Fallback API failed: HTTP 502: Bad Gateway
[2025-06-17 01:20:09] ERROR: Failed to get gold price: error was Error: Fallback API failed: HTTP 502: Bad Gateway
[2025-06-17 01:20:10] ERROR: Scheduled execution failed: Failed to get gold price: error was Error: Fallback API failed: HTTP 502: Bad Gateway
[2025-06-17 01:30:34] ERROR: Failed to get gold price: error was Error: Fallback API failed: HTTP 502: Bad Gateway
[2025-06-17 01:30:34] ERROR: Scheduled execution failed: Failed to get gold price: error was Error: Fallback API failed: HTTP 502: Bad Gateway
[2025-06-17 01:35:27] ERROR: Failed to get gold price: error was Error: Fallback API failed: HTTP 502: Bad Gateway
[2025-06-17 01:35:27] ERROR: Scheduled execution failed: Failed to get gold price: error was Error: Fallback API failed: HTTP 502: Bad Gateway
[2025-06-17 01:56:23] ERROR: Failed to get gold price: error was Error: Fallback API failed: HTTP 502: Bad Gateway
[2025-06-17 01:56:24] ERROR: Scheduled execution failed: Failed to get gold price: error was Error: Fallback API failed: HTTP 502: Bad Gateway
[2025-06-17 05:07:23] ERROR: Failed to get gold price: error was Error: Fallback API failed: HTTP 502: Bad Gateway
[2025-06-17 05:07:24] ERROR: Scheduled execution failed: Failed to get gold price: error was Error: Fallback API failed: HTTP 502: Bad Gateway
[2025-06-17 05:12:26] ERROR: Failed to get gold price: error was Error: Fallback API failed: HTTP 502: Bad Gateway
[2025-06-17 05:12:27] ERROR: Scheduled execution failed: Failed to get gold price: error was Error: Fallback API failed: HTTP 502: Bad Gateway
[2025-06-17 07:01:38] ERROR: Failed to get gold price: error was Error: Fallback API failed: HTTP 504: Gateway Timeout
[2025-06-17 07:01:38] ERROR: Scheduled execution failed: Failed to get gold price: error was Error: Fallback API failed: HTTP 504: Gateway Timeout
[2025-06-17 07:27:23] ERROR: Failed to get gold price: error was Error: Fallback API failed: HTTP 502: Bad Gateway
[2025-06-17 07:27:23] ERROR: Scheduled execution failed: Failed to get gold price: error was Error: Fallback API failed: HTTP 502: Bad Gateway
[2025-06-17 07:32:23] ERROR: Failed to get gold price: error was Error: Fallback API failed: HTTP 502: Bad Gateway
[2025-06-17 07:32:23] ERROR: Scheduled execution failed: Failed to get gold price: error was Error: Fallback API failed: HTTP 502: Bad Gateway
[2025-06-17 09:00:25] ERROR: Failed to get gold price: error was Error: Fallback API failed: HTTP 502: Bad Gateway
[2025-06-17 09:00:26] ERROR: Scheduled execution failed: Failed to get gold price: error was Error: Fallback API failed: HTTP 502: Bad Gateway
[2025-06-17 09:05:41] ERROR: Failed to get gold price: error was Error: Fallback API failed: HTTP 502: Bad Gateway
[2025-06-17 09:05:41] ERROR: Scheduled execution failed: Failed to get gold price: error was Error: Fallback API failed: HTTP 502: Bad Gateway
[2025-06-17 10:08:14] ERROR: Failed to get gold price: error was Error: Fallback API failed: HTTP 504: Gateway Timeout
[2025-06-17 10:08:14] ERROR: Scheduled execution failed: Failed to get gold price: error was Error: Fallback API failed: HTTP 504: Gateway Timeout
[2025-06-17 10:59:59] ERROR: Failed to get gold price: error was Error: Fallback API failed: HTTP 504: Gateway Timeout
[2025-06-17 11:00:00] ERROR: Scheduled execution failed: Failed to get gold price: error was Error: Fallback API failed: HTTP 504: Gateway Timeout
[2025-06-17 11:04:59] ERROR: Failed to get gold price: error was Error: Fallback API failed: HTTP 504: Gateway Timeout
[2025-06-17 11:05:00] ERROR: Scheduled execution failed: Failed to get gold price: error was Error: Fallback API failed: HTTP 504: Gateway Timeout
[2025-06-17 12:37:48] ERROR: Failed to get gold price: error was Error: Fallback API failed: HTTP 502: Bad Gateway
[2025-06-17 12:37:48] ERROR: Scheduled execution failed: Failed to get gold price: error was Error: Fallback API failed: HTTP 502: Bad Gateway
[2025-06-17 13:08:45] ERROR: Failed to get gold price: error was Error: Fallback API failed: HTTP 502: Bad Gateway
[2025-06-17 13:08:46] ERROR: Scheduled execution failed: Failed to get gold price: error was Error: Fallback API failed: HTTP 502: Bad Gateway
[2025-06-17 14:11:00] ERROR: Failed to get gold price: error was Error: Fallback API failed: HTTP 502: Bad Gateway
[2025-06-17 14:11:01] ERROR: Scheduled execution failed: Failed to get gold price: error was Error: Fallback API failed: HTTP 502: Bad Gateway
[2025-06-17 15:17:45] ERROR: Failed to get gold price: error was Error: Fallback API failed: HTTP 502: Bad Gateway
[2025-06-17 15:17:45] ERROR: Scheduled execution failed: Failed to get gold price: error was Error: Fallback API failed: HTTP 502: Bad Gateway
[2025-06-17 15:23:02] ERROR: Failed to get gold price: error was Error: Fallback API failed: HTTP 504: Gateway Timeout
[2025-06-17 15:23:03] ERROR: Scheduled execution failed: Failed to get gold price: error was Error: Fallback API failed: HTTP 504: Gateway Timeout
[2025-06-17 16:25:01] ERROR: Failed to get gold price: error was Error: Fallback API failed: HTTP 504: Gateway Timeout
[2025-06-17 16:25:01] ERROR: Scheduled execution failed: Failed to get gold price: error was Error: Fallback API failed: HTTP 504: Gateway Timeout
[2025-06-17 17:05:46] ERROR: Failed to get gold price: error was Error: Fallback API failed: HTTP 502: Bad Gateway
[2025-06-17 17:05:46] ERROR: Scheduled execution failed: Failed to get gold price: error was Error: Fallback API failed: HTTP 502: Bad Gateway
[2025-06-17 17:47:12] ERROR: Failed to get gold price: error was Error: Fallback API failed: HTTP 502: Bad Gateway
[2025-06-17 17:47:13] ERROR: Scheduled execution failed: Failed to get gold price: error was Error: Fallback API failed: HTTP 502: Bad Gateway
[2025-06-17 17:57:04] ERROR: Failed to get gold price: error was Error: Fallback API failed: HTTP 502: Bad Gateway
[2025-06-17 17:57:06] ERROR: Scheduled execution failed: Failed to get gold price: error was Error: Fallback API failed: HTTP 502: Bad Gateway
[2025-06-17 18:28:13] ERROR: Failed to get gold price: error was Error: Fallback API failed: HTTP 502: Bad Gateway
[2025-06-17 18:28:14] ERROR: Scheduled execution failed: Failed to get gold price: error was Error: Fallback API failed: HTTP 502: Bad Gateway
[2025-06-17 18:32:58] ERROR: Failed to get gold price: error was Error: Fallback API failed: HTTP 502: Bad Gateway
[2025-06-17 18:32:59] ERROR: Scheduled execution failed: Failed to get gold price: error was Error: Fallback API failed: HTTP 502: Bad Gateway
[2025-06-17 18:53:58] ERROR: Failed to get gold price: error was Error: Fallback API failed: HTTP 502: Bad Gateway
[2025-06-17 18:53:59] ERROR: Scheduled execution failed: Failed to get gold price: error was Error: Fallback API failed: HTTP 502: Bad Gateway
[2025-06-17 19:34:57] ERROR: Failed to get gold price: error was Error: Fallback API failed: HTTP 502: Bad Gateway
[2025-06-17 19:34:58] ERROR: Scheduled execution failed: Failed to get gold price: error was Error: Fallback API failed: HTTP 502: Bad Gateway
[2025-06-17 19:40:15] ERROR: Failed to get gold price: error was Error: Fallback API failed: HTTP 504: Gateway Timeout
[2025-06-17 19:40:16] ERROR: Scheduled execution failed: Failed to get gold price: error was Error: Fallback API failed: HTTP 504: Gateway Timeout
[2025-06-17 20:00:57] ERROR: Failed to get gold price: error was Error: Fallback API failed: HTTP 502: Bad Gateway
[2025-06-17 20:00:58] ERROR: Scheduled execution failed: Failed to get gold price: error was Error: Fallback API failed: HTTP 502: Bad Gateway
[2025-06-17 20:10:58] ERROR: Failed to get gold price: error was Error: Fallback API failed: HTTP 502: Bad Gateway
[2025-06-17 20:10:59] ERROR: Scheduled execution failed: Failed to get gold price: error was Error: Fallback API failed: HTTP 502: Bad Gateway
[2025-06-17 21:02:57] ERROR: Failed to get gold price: error was Error: Fallback API failed: HTTP 502: Bad Gateway
[2025-06-17 21:02:58] ERROR: Scheduled execution failed: Failed to get gold price: error was Error: Fallback API failed: HTTP 502: Bad Gateway
[2025-06-17 21:49:12] ERROR: Failed to get gold price: error was Error: Fallback API failed: HTTP 504: Gateway Timeout
[2025-06-17 21:49:13] ERROR: Scheduled execution failed: Failed to get gold price: error was Error: Fallback API failed: HTTP 504: Gateway Timeout
[2025-06-17 22:25:04] ERROR: Failed to get gold price: error was Error: Fallback API failed: HTTP 502: Bad Gateway
[2025-06-17 22:25:05] ERROR: Scheduled execution failed: Failed to get gold price: error was Error: Fallback API failed: HTTP 502: Bad Gateway
[2025-06-17 23:13:02] ERROR: Failed to push 2025-06-17.csv: 503 - {"message": "No server is currently available to service your request. Sorry about that. Please try resubmitting your request and contact us if the problem persists."}

[2025-06-17 23:13:06] ERROR: Failed to push data to GitHub for 2025-06-17
[2025-06-17 23:13:13] ERROR: Scheduled execution failed: Failed to push data to GitHub for 2025-06-17
[2025-06-17 23:15:06] ERROR: Failed to push data to GitHub for 2025-06-17
[2025-06-17 23:15:21] ERROR: Scheduled execution failed: Failed to push data to GitHub for 2025-06-17
[2025-06-17 23:16:00] ERROR: Error fetching CSV from GitHub: 503 - {"message": "No server is currently available to service your request. Sorry about that. Please try resubmitting your request and contact us if the problem persists."}

[2025-06-17 23:16:14] ERROR: Failed to push 2025-06-17.csv: 422 - {"message":"Invalid request.\n\n\"sha\" wasn't supplied.","documentation_url":"https://docs.github.com/rest/repos/contents#create-or-update-file-contents","status":"422"}
[2025-06-17 23:16:19] ERROR: Failed to push data to GitHub for 2025-06-17
[2025-06-17 23:16:28] ERROR: Scheduled execution failed: Failed to push data to GitHub for 2025-06-17
[2025-06-17 23:42:58] ERROR: Failed to get gold price: error was Error: Fallback API failed: HTTP 502: Bad Gateway
